<?xml version="1.0" encoding="UTF-8"?>
<!-- Generated by org.testng.reporters.JUnitXMLReporter -->
<testsuite ignored="0" hostname="Haruns-MBP.lan1" failures="0" tests="3" name="Default test" time="97.152" errors="0" timestamp="2020-01-11T22:26:36 CST">
  <testcase classname="com.class01.TitleLogoAndLoginVerification" name="logoValidation" time="0.687"/>
  <testcase classname="com.class01.TitleLogoAndLoginVerification" name="titleValidation" time="0.031"/>
  <testcase classname="com.class01.TitleLogoAndLoginVerification" name="validLogin" time="4.479"/>
</testsuite> <!-- Default test -->
