<?xml version="1.0" encoding="UTF-8"?>
<testng-results ignored="0" total="3" passed="3" failed="0" skipped="0">
  <reporter-output>
  </reporter-output>
  <suite started-at="2020-01-11T22:24:59 CST" name="Default suite" finished-at="2020-01-11T22:26:36 CST" duration-ms="97152">
    <groups>
    </groups>
    <test started-at="2020-01-11T22:24:59 CST" name="Default test" finished-at="2020-01-11T22:26:36 CST" duration-ms="97152">
      <class name="com.class01.TitleLogoAndLoginVerification">
        <test-method is-config="true" signature="openAndNavigate()[pri:0, instance:com.class01.TitleLogoAndLoginVerification@1757cd72]" started-at="2020-01-11T22:24:59 CST" name="openAndNavigate" finished-at="2020-01-11T22:26:15 CST" duration-ms="76577" status="PASS">
          <reporter-output>
          </reporter-output>
        </test-method> <!-- openAndNavigate -->
        <test-method signature="logoValidation()[pri:0, instance:com.class01.TitleLogoAndLoginVerification@1757cd72]" started-at="2020-01-11T22:26:15 CST" name="logoValidation" finished-at="2020-01-11T22:26:16 CST" duration-ms="687" status="PASS">
          <reporter-output>
          </reporter-output>
        </test-method> <!-- logoValidation -->
        <test-method is-config="true" signature="closeBrowser()[pri:0, instance:com.class01.TitleLogoAndLoginVerification@1757cd72]" started-at="2020-01-11T22:26:16 CST" name="closeBrowser" finished-at="2020-01-11T22:26:17 CST" duration-ms="451" status="PASS">
          <reporter-output>
          </reporter-output>
        </test-method> <!-- closeBrowser -->
        <test-method is-config="true" signature="openAndNavigate()[pri:0, instance:com.class01.TitleLogoAndLoginVerification@1757cd72]" started-at="2020-01-11T22:26:17 CST" name="openAndNavigate" finished-at="2020-01-11T22:26:26 CST" duration-ms="9705" status="PASS">
          <reporter-output>
          </reporter-output>
        </test-method> <!-- openAndNavigate -->
        <test-method signature="titleValidation()[pri:0, instance:com.class01.TitleLogoAndLoginVerification@1757cd72]" started-at="2020-01-11T22:26:26 CST" name="titleValidation" finished-at="2020-01-11T22:26:26 CST" duration-ms="31" status="PASS">
          <reporter-output>
          </reporter-output>
        </test-method> <!-- titleValidation -->
        <test-method is-config="true" signature="closeBrowser()[pri:0, instance:com.class01.TitleLogoAndLoginVerification@1757cd72]" started-at="2020-01-11T22:26:26 CST" name="closeBrowser" finished-at="2020-01-11T22:26:27 CST" duration-ms="907" status="PASS">
          <reporter-output>
          </reporter-output>
        </test-method> <!-- closeBrowser -->
        <test-method is-config="true" signature="openAndNavigate()[pri:0, instance:com.class01.TitleLogoAndLoginVerification@1757cd72]" started-at="2020-01-11T22:26:27 CST" name="openAndNavigate" finished-at="2020-01-11T22:26:31 CST" duration-ms="3867" status="PASS">
          <reporter-output>
          </reporter-output>
        </test-method> <!-- openAndNavigate -->
        <test-method signature="validLogin()[pri:0, instance:com.class01.TitleLogoAndLoginVerification@1757cd72]" started-at="2020-01-11T22:26:31 CST" name="validLogin" finished-at="2020-01-11T22:26:36 CST" duration-ms="4479" status="PASS">
          <reporter-output>
          </reporter-output>
        </test-method> <!-- validLogin -->
        <test-method is-config="true" signature="closeBrowser()[pri:0, instance:com.class01.TitleLogoAndLoginVerification@1757cd72]" started-at="2020-01-11T22:26:36 CST" name="closeBrowser" finished-at="2020-01-11T22:26:36 CST" duration-ms="358" status="PASS">
          <reporter-output>
          </reporter-output>
        </test-method> <!-- closeBrowser -->
      </class> <!-- com.class01.TitleLogoAndLoginVerification -->
    </test> <!-- Default test -->
  </suite> <!-- Default suite -->
</testng-results>
